The Sharks
Jack tagged Bob 0 times
Jack tagged Sally 0 times
Jack tagged Sam 0 times
Jill tagged Bob 0 times
Jill tagged Sally 0 times
Jill tagged Sam 0 times
Kenny tagged Bob 0 times
Kenny tagged Sally 0 times
Kenny tagged Sam 0 times
The Sharks : 10 points

The Cowboys
Bob tagged Jack 0 times
Bob tagged Jill 0 times
Bob tagged Kenny 0 times
Sally tagged Jack 0 times
Sally tagged Jill 0 times
Sally tagged Kenny 0 times
Sam tagged Jack 0 times
Sam tagged Jill 0 times
Sam tagged Kenny 0 times
The Cowboys : 10 points

Winners The Cowboys